--------------------------------------------------------------------------------
Release 13.3 Trace  (nt64)
Copyright (c) 1995-2011 Xilinx, Inc.  All rights reserved.

C:\Xilinx\13.3\ISE_DS\ISE\bin\nt64\unwrapped\trce.exe -intstyle ise -v 3 -s 3
-n 3 -fastpaths -xml Boxes.twx Boxes.ncd -o Boxes.twr Boxes.pcf

Design file:              Boxes.ncd
Physical constraint file: Boxes.pcf
Device,package,speed:     xc6slx16,csg324,C,-3 (PRODUCTION 1.20 2011-10-03)
Report level:             verbose report

Environment Variable      Effect 
--------------------      ------ 
NONE                      No environment variables were set
--------------------------------------------------------------------------------

INFO:Timing:2698 - No timing constraints found, doing default enumeration.
INFO:Timing:2752 - To get complete path coverage, use the unconstrained paths 
   option. All paths that are not constrained will be reported in the 
   unconstrained paths section(s) of the report.
INFO:Timing:3339 - The clock-to-out numbers in this timing report are based on 
   a 50 Ohm transmission line loading model.  For the details of this model, 
   and for more information on accounting for different loading conditions, 
   please see the device datasheet.



Data Sheet report:
-----------------
All values displayed in nanoseconds (ns)

Setup/Hold to clock clk
------------+------------+------------+------------+------------+------------------+--------+
            |Max Setup to|  Process   |Max Hold to |  Process   |                  | Clock  |
Source      | clk (edge) |   Corner   | clk (edge) |   Corner   |Internal Clock(s) | Phase  |
------------+------------+------------+------------+------------+------------------+--------+
RESET       |    3.773(R)|      SLOW  |   -2.104(R)|      FAST  |clk_BUFGP         |   0.000|
ifhighScore |    8.285(R)|      SLOW  |   -1.468(R)|      FAST  |clk_BUFGP         |   0.000|
up          |    4.117(R)|      SLOW  |   -2.061(R)|      FAST  |clk_BUFGP         |   0.000|
------------+------------+------------+------------+------------+------------------+--------+

Clock clk to Pad
------------+-----------------+------------+-----------------+------------+------------------+--------+
            |Max (slowest) clk|  Process   |Min (fastest) clk|  Process   |                  | Clock  |
Destination |  (edge) to PAD  |   Corner   |  (edge) to PAD  |   Corner   |Internal Clock(s) | Phase  |
------------+-----------------+------------+-----------------+------------+------------------+--------+
B<0>        |         8.723(R)|      SLOW  |         4.690(R)|      FAST  |clk_BUFGP         |   0.000|
B<1>        |         8.892(R)|      SLOW  |         4.790(R)|      FAST  |clk_BUFGP         |   0.000|
G<0>        |         8.718(R)|      SLOW  |         4.688(R)|      FAST  |clk_BUFGP         |   0.000|
G<1>        |         8.860(R)|      SLOW  |         4.831(R)|      FAST  |clk_BUFGP         |   0.000|
G<2>        |         8.772(R)|      SLOW  |         4.733(R)|      FAST  |clk_BUFGP         |   0.000|
R<0>        |         8.497(R)|      SLOW  |         4.604(R)|      FAST  |clk_BUFGP         |   0.000|
R<1>        |         8.497(R)|      SLOW  |         4.604(R)|      FAST  |clk_BUFGP         |   0.000|
R<2>        |         8.597(R)|      SLOW  |         4.657(R)|      FAST  |clk_BUFGP         |   0.000|
------------+-----------------+------------+-----------------+------------+------------------+--------+

Clock to Setup on destination clock clk
---------------+---------+---------+---------+---------+
               | Src:Rise| Src:Fall| Src:Rise| Src:Fall|
Source Clock   |Dest:Rise|Dest:Rise|Dest:Fall|Dest:Fall|
---------------+---------+---------+---------+---------+
clk            |    4.957|         |         |         |
---------------+---------+---------+---------+---------+


Analysis completed Fri Apr 26 12:08:13 2013 
--------------------------------------------------------------------------------

Trace Settings:
-------------------------
Trace Settings 

Peak Memory Usage: 261 MB



